TN:
SF:src/index.ts
FN:30,(anonymous_1)
FN:54,(anonymous_2)
FN:56,(anonymous_3)
FN:66,(anonymous_4)
FNF:4
FNH:0
FNDA:0,(anonymous_1)
FNDA:0,(anonymous_2)
FNDA:0,(anonymous_3)
FNDA:0,(anonymous_4)
DA:1,2
DA:2,2
DA:3,2
DA:4,2
DA:5,2
DA:6,2
DA:7,2
DA:9,2
DA:11,2
DA:14,2
DA:17,2
DA:23,2
DA:26,2
DA:27,2
DA:30,2
DA:31,0
DA:44,2
DA:45,2
DA:48,2
DA:51,2
DA:54,2
DA:55,0
DA:56,0
DA:57,0
DA:58,0
DA:62,2
DA:63,2
DA:66,2
DA:67,0
DA:68,0
DA:69,0
DA:70,0
DA:73,2
LF:33
LH:24
BRDA:23,0,0,0
BRDA:23,0,1,2
BRF:2
BRH:1
end_of_record
TN:
SF:src/config/index.ts
FN:17,loadConfig
FN:23,(anonymous_1)
FNF:2
FNH:2
FNDA:5,loadConfig
FNDA:15,(anonymous_1)
DA:1,5
DA:3,5
DA:18,5
DA:19,5
DA:21,5
DA:22,5
DA:23,5
DA:24,15
DA:28,5
DA:29,0
DA:33,5
DA:45,0
DA:49,5
DA:51,5
DA:52,5
DA:53,5
LF:16
LH:14
BRDA:21,0,0,5
BRDA:21,0,1,0
BRDA:28,1,0,0
BRDA:28,1,1,5
BRF:4
BRH:2
end_of_record
TN:
SF:src/errors/AppError.ts
FN:6,(anonymous_0)
FN:22,(anonymous_1)
FN:32,(anonymous_2)
FN:42,(anonymous_3)
FNF:4
FNH:4
FNDA:41,(anonymous_0)
FNDA:17,(anonymous_1)
FNDA:8,(anonymous_2)
FNDA:12,(anonymous_3)
DA:1,6
DA:12,41
DA:13,41
DA:14,41
DA:15,41
DA:17,41
DA:21,6
DA:23,17
DA:31,6
DA:33,8
DA:41,6
DA:43,12
DA:49,12
DA:50,10
LF:14
LH:14
BRDA:8,0,0,2
BRDA:9,1,0,2
BRDA:10,2,0,40
BRDA:26,3,0,2
BRDA:26,3,1,15
BRDA:49,4,0,10
BRDA:49,4,1,2
BRF:7
BRH:7
end_of_record
TN:
SF:src/middleware/auth.ts
FN:13,(anonymous_0)
FN:38,(anonymous_1)
FN:58,(anonymous_2)
FNF:3
FNH:2
FNDA:46,(anonymous_0)
FNDA:14,(anonymous_1)
FNDA:0,(anonymous_2)
DA:2,3
DA:13,3
DA:14,46
DA:15,46
DA:17,46
DA:18,31
DA:25,15
DA:26,15
DA:27,11
DA:28,11
DA:30,4
DA:38,3
DA:39,14
DA:40,2
DA:47,12
DA:48,6
DA:55,6
DA:58,3
DA:59,0
DA:60,0
DA:67,0
DA:69,0
DA:70,0
DA:72,0
LF:24
LH:18
BRDA:15,0,0,46
BRDA:15,0,1,16
BRDA:17,1,0,31
BRDA:17,1,1,15
BRDA:39,2,0,2
BRDA:39,2,1,12
BRDA:47,3,0,6
BRDA:47,3,1,6
BRDA:59,4,0,0
BRDA:59,4,1,0
BRDA:67,5,0,0
BRDA:67,5,1,0
BRDA:69,6,0,0
BRDA:69,6,1,0
BRDA:69,7,0,0
BRDA:69,7,1,0
BRF:16
BRH:8
end_of_record
TN:
SF:src/middleware/errorHandler.ts
FN:6,(anonymous_0)
FN:51,(anonymous_1)
FNF:2
FNH:2
FNDA:18,(anonymous_0)
FNDA:4,(anonymous_1)
DA:3,3
DA:4,3
DA:6,3
DA:12,18
DA:21,18
DA:22,14
DA:31,4
DA:32,1
DA:40,3
DA:41,3
DA:43,3
DA:51,3
DA:52,4
LF:13
LH:13
BRDA:14,0,0,0
BRDA:14,0,1,18
BRDA:21,1,0,14
BRDA:21,1,1,4
BRDA:26,2,0,14
BRDA:26,2,1,0
BRDA:31,3,0,1
BRDA:31,3,1,3
BRDA:41,4,0,0
BRDA:41,4,1,3
BRDA:47,5,0,3
BRDA:47,5,1,0
BRF:12
BRH:8
end_of_record
TN:
SF:src/middleware/validateRequest.ts
FN:7,(anonymous_0)
FN:11,(anonymous_1)
FN:23,(anonymous_2)
FNF:3
FNH:3
FNDA:32,(anonymous_0)
FNDA:40,(anonymous_1)
FNDA:13,(anonymous_2)
DA:2,3
DA:3,3
DA:7,3
DA:11,32
DA:12,40
DA:13,40
DA:14,40
DA:17,29
DA:19,29
DA:21,11
DA:22,10
DA:23,13
DA:26,10
DA:29,1
LF:14
LH:14
BRDA:9,0,0,8
BRDA:21,1,0,10
BRDA:21,1,1,1
BRF:3
BRH:3
end_of_record
TN:
SF:src/middleware/validation.ts
FN:4,(anonymous_0)
FN:46,(anonymous_1)
FNF:2
FNH:0
FNDA:0,(anonymous_0)
FNDA:0,(anonymous_1)
DA:4,0
DA:5,0
DA:8,0
DA:9,0
DA:10,0
DA:17,0
DA:18,0
DA:19,0
DA:27,0
DA:28,0
DA:29,0
DA:35,0
DA:36,0
DA:43,0
DA:46,0
DA:47,0
DA:50,0
DA:51,0
DA:57,0
LF:19
LH:0
BRDA:8,0,0,0
BRDA:8,0,1,0
BRDA:9,1,0,0
BRDA:9,1,1,0
BRDA:18,2,0,0
BRDA:18,2,1,0
BRDA:27,3,0,0
BRDA:27,3,1,0
BRDA:28,4,0,0
BRDA:28,4,1,0
BRDA:28,5,0,0
BRDA:28,5,1,0
BRDA:35,6,0,0
BRDA:35,6,1,0
BRDA:35,7,0,0
BRDA:35,7,1,0
BRDA:50,8,0,0
BRDA:50,8,1,0
BRDA:50,9,0,0
BRDA:50,9,1,0
BRF:20
BRH:0
end_of_record
TN:
SF:src/models/StatusModel.ts
FN:4,(anonymous_0)
FN:7,(anonymous_1)
FN:8,(anonymous_2)
FN:18,(anonymous_3)
FN:28,(anonymous_4)
FN:29,(anonymous_5)
FN:36,(anonymous_6)
FN:55,(anonymous_7)
FN:56,(anonymous_8)
FN:81,(anonymous_9)
FN:82,(anonymous_10)
FN:92,(anonymous_11)
FN:102,(anonymous_12)
FN:103,(anonymous_13)
FN:106,(anonymous_14)
FNF:15
FNH:1
FNDA:2,(anonymous_0)
FNDA:0,(anonymous_1)
FNDA:0,(anonymous_2)
FNDA:0,(anonymous_3)
FNDA:0,(anonymous_4)
FNDA:0,(anonymous_5)
FNDA:0,(anonymous_6)
FNDA:0,(anonymous_7)
FNDA:0,(anonymous_8)
FNDA:0,(anonymous_9)
FNDA:0,(anonymous_10)
FNDA:0,(anonymous_11)
FNDA:0,(anonymous_12)
FNDA:0,(anonymous_13)
FNDA:0,(anonymous_14)
DA:1,3
DA:4,3
DA:5,2
DA:8,0
DA:9,0
DA:18,0
DA:19,0
DA:20,0
DA:22,0
DA:29,0
DA:30,0
DA:31,0
DA:36,0
DA:37,0
DA:38,0
DA:41,0
DA:49,0
DA:56,0
DA:57,0
DA:59,0
DA:60,0
DA:61,0
DA:62,0
DA:65,0
DA:66,0
DA:73,0
DA:74,0
DA:76,0
DA:82,0
DA:83,0
DA:92,0
DA:93,0
DA:94,0
DA:96,0
DA:103,0
DA:104,0
DA:106,0
DA:107,0
DA:108,0
DA:110,0
LF:40
LH:3
BRDA:7,0,0,0
BRDA:19,1,0,0
BRDA:19,1,1,0
BRDA:22,2,0,0
BRDA:22,2,1,0
BRDA:28,3,0,0
BRDA:37,4,0,0
BRDA:37,4,1,0
BRDA:55,5,0,0
BRDA:60,6,0,0
BRDA:60,6,1,0
BRDA:67,7,0,0
BRDA:67,7,1,0
BRDA:68,8,0,0
BRDA:68,8,1,0
BRDA:81,9,0,0
BRDA:81,10,0,0
BRDA:93,11,0,0
BRDA:93,11,1,0
BRDA:96,12,0,0
BRDA:96,12,1,0
BRDA:102,13,0,0
BRDA:107,14,0,0
BRDA:107,14,1,0
BRF:24
BRH:0
end_of_record
TN:
SF:src/models/UserModel.ts
FN:5,(anonymous_1)
FN:8,(anonymous_2)
FN:9,(anonymous_3)
FN:16,(anonymous_4)
FN:26,(anonymous_5)
FN:27,(anonymous_6)
FN:34,(anonymous_7)
FN:44,(anonymous_8)
FN:45,(anonymous_9)
FN:56,(anonymous_10)
FN:77,(anonymous_11)
FN:81,(anonymous_12)
FN:82,(anonymous_13)
FN:89,(anonymous_14)
FN:99,(anonymous_15)
FN:100,(anonymous_16)
FN:107,(anonymous_17)
FN:117,(anonymous_18)
FN:118,(anonymous_19)
FN:121,(anonymous_20)
FNF:20
FNH:20
FNDA:3,(anonymous_1)
FNDA:26,(anonymous_2)
FNDA:26,(anonymous_3)
FNDA:26,(anonymous_4)
FNDA:1,(anonymous_5)
FNDA:1,(anonymous_6)
FNDA:1,(anonymous_7)
FNDA:35,(anonymous_8)
FNDA:35,(anonymous_9)
FNDA:35,(anonymous_10)
FNDA:18,(anonymous_11)
FNDA:17,(anonymous_12)
FNDA:17,(anonymous_13)
FNDA:17,(anonymous_14)
FNDA:1,(anonymous_15)
FNDA:1,(anonymous_16)
FNDA:1,(anonymous_17)
FNDA:1,(anonymous_18)
FNDA:1,(anonymous_19)
FNDA:1,(anonymous_20)
DA:1,2
DA:3,2
DA:5,2
DA:6,3
DA:9,26
DA:10,26
DA:16,26
DA:17,26
DA:18,0
DA:20,26
DA:27,1
DA:28,1
DA:34,1
DA:35,1
DA:36,0
DA:38,1
DA:45,35
DA:46,35
DA:48,35
DA:49,35
DA:51,35
DA:56,35
DA:57,35
DA:58,0
DA:61,35
DA:68,35
DA:72,0
DA:78,18
DA:82,17
DA:83,17
DA:89,17
DA:90,17
DA:91,0
DA:93,17
DA:100,1
DA:101,1
DA:107,1
DA:108,1
DA:109,0
DA:111,1
DA:118,1
DA:119,1
DA:121,1
DA:122,1
DA:123,0
DA:125,1
LF:46
LH:39
BRDA:17,0,0,0
BRDA:17,0,1,26
BRDA:20,1,0,26
BRDA:20,1,1,5
BRDA:35,2,0,0
BRDA:35,2,1,1
BRDA:38,3,0,1
BRDA:38,3,1,0
BRDA:44,4,0,0
BRDA:57,5,0,0
BRDA:57,5,1,35
BRDA:90,6,0,0
BRDA:90,6,1,17
BRDA:108,7,0,0
BRDA:108,7,1,1
BRDA:111,8,0,1
BRDA:111,8,1,0
BRDA:122,9,0,0
BRDA:122,9,1,1
BRF:19
BRH:10
end_of_record
TN:
SF:src/models/database.ts
FN:13,(anonymous_1)
FN:14,(anonymous_2)
FN:24,(anonymous_3)
FN:48,(anonymous_4)
FN:57,(anonymous_5)
FN:66,(anonymous_6)
FN:70,(anonymous_7)
FN:71,(anonymous_8)
FNF:8
FNH:6
FNDA:3,(anonymous_1)
FNDA:2,(anonymous_2)
FNDA:2,(anonymous_3)
FNDA:2,(anonymous_4)
FNDA:2,(anonymous_5)
FNDA:4,(anonymous_6)
FNDA:0,(anonymous_7)
FNDA:0,(anonymous_8)
DA:1,3
DA:2,3
DA:3,3
DA:5,3
DA:8,3
DA:10,3
DA:14,3
DA:15,2
DA:16,0
DA:18,2
DA:19,2
DA:25,2
DA:36,2
DA:48,2
DA:49,2
DA:50,0
DA:52,2
DA:57,2
DA:58,2
DA:59,0
DA:61,2
DA:67,4
DA:71,0
DA:72,0
DA:73,0
DA:75,0
DA:82,3
LF:27
LH:20
BRDA:15,0,0,0
BRDA:15,0,1,2
BRDA:49,1,0,0
BRDA:49,1,1,2
BRDA:58,2,0,0
BRDA:58,2,1,2
BRDA:72,3,0,0
BRDA:72,3,1,0
BRF:8
BRH:3
end_of_record
TN:
SF:src/routes/auth.ts
FN:13,(anonymous_0)
FN:31,(anonymous_1)
FN:53,(anonymous_2)
FN:72,(anonymous_3)
FN:90,(anonymous_4)
FN:108,(anonymous_5)
FN:133,(anonymous_6)
FNF:7
FNH:7
FNDA:19,(anonymous_0)
FNDA:4,(anonymous_1)
FNDA:1,(anonymous_2)
FNDA:1,(anonymous_3)
FNDA:1,(anonymous_4)
FNDA:2,(anonymous_5)
FNDA:1,(anonymous_6)
DA:1,2
DA:2,2
DA:3,2
DA:4,2
DA:5,2
DA:7,2
DA:8,2
DA:11,2
DA:14,19
DA:15,19
DA:17,17
DA:23,2
DA:29,2
DA:32,4
DA:33,4
DA:35,4
DA:37,3
DA:43,1
DA:49,2
DA:54,1
DA:55,1
DA:56,1
DA:58,1
DA:64,0
DA:70,2
DA:73,1
DA:74,1
DA:76,1
DA:81,0
DA:87,2
DA:91,1
DA:92,1
DA:94,1
DA:99,0
DA:105,2
DA:109,2
DA:110,2
DA:112,2
DA:113,1
DA:120,1
DA:122,1
DA:127,0
DA:133,2
DA:134,1
DA:140,2
LF:45
LH:41
BRDA:112,0,0,1
BRDA:112,0,1,1
BRF:2
BRH:2
end_of_record
TN:
SF:src/routes/status.ts
FN:24,(anonymous_0)
FN:48,(anonymous_1)
FN:70,(anonymous_2)
FN:95,(anonymous_3)
FN:118,(anonymous_4)
FN:137,(anonymous_5)
FNF:6
FNH:0
FNDA:0,(anonymous_0)
FNDA:0,(anonymous_1)
FNDA:0,(anonymous_2)
FNDA:0,(anonymous_3)
FNDA:0,(anonymous_4)
FNDA:0,(anonymous_5)
DA:1,2
DA:2,2
DA:3,2
DA:4,2
DA:5,2
DA:11,2
DA:13,2
DA:14,2
DA:16,2
DA:21,2
DA:25,0
DA:26,0
DA:29,0
DA:30,0
DA:32,0
DA:37,0
DA:43,2
DA:49,0
DA:50,0
DA:51,0
DA:53,0
DA:59,0
DA:65,2
DA:71,0
DA:72,0
DA:73,0
DA:75,0
DA:81,0
DA:86,2
DA:92,2
DA:96,0
DA:97,0
DA:100,0
DA:101,0
DA:103,0
DA:108,0
DA:114,2
DA:119,0
DA:120,0
DA:121,0
DA:123,0
DA:128,0
DA:134,2
DA:138,0
DA:139,0
DA:142,0
DA:143,0
DA:145,0
DA:150,0
DA:155,2
LF:50
LH:17
BRDA:29,0,0,0
BRDA:29,0,1,0
BRDA:100,1,0,0
BRDA:100,1,1,0
BRDA:142,2,0,0
BRDA:142,2,1,0
BRF:6
BRH:0
end_of_record
TN:
SF:src/schemas/authSchemas.ts
FNF:0
FNH:0
DA:1,2
DA:3,2
DA:8,2
LF:3
LH:3
BRF:0
BRH:0
end_of_record
TN:
SF:src/schemas/statusSchemas.ts
FN:20,(anonymous_0)
FNF:1
FNH:1
FNDA:6,(anonymous_0)
DA:1,3
DA:3,3
DA:12,3
DA:20,6
DA:26,3
DA:30,3
LF:6
LH:6
BRDA:20,0,0,6
BRDA:20,0,1,3
BRF:2
BRH:2
end_of_record
TN:
SF:src/scripts/createAdmin.ts
FN:3,createAdminUser
FN:23,(anonymous_1)
FN:25,(anonymous_2)
FNF:3
FNH:0
FNDA:0,createAdminUser
FNDA:0,(anonymous_1)
FNDA:0,(anonymous_2)
DA:1,0
DA:4,0
DA:6,0
DA:7,0
DA:8,0
DA:9,0
DA:10,0
DA:11,0
DA:12,0
DA:14,0
DA:15,0
DA:17,0
DA:23,0
DA:24,0
DA:26,0
DA:27,0
LF:16
LH:0
BRDA:14,0,0,0
BRDA:14,0,1,0
BRDA:14,1,0,0
BRDA:14,1,1,0
BRF:4
BRH:0
end_of_record
TN:
SF:src/services/AuthService.ts
FN:10,(anonymous_0)
FN:14,(anonymous_1)
FN:48,(anonymous_2)
FN:69,(anonymous_3)
FN:73,(anonymous_4)
FN:80,(anonymous_5)
FNF:6
FNH:6
FNDA:2,(anonymous_0)
FNDA:19,(anonymous_1)
FNDA:5,(anonymous_2)
FNDA:1,(anonymous_3)
FNDA:1,(anonymous_4)
FNDA:1,(anonymous_5)
DA:1,2
DA:4,2
DA:5,2
DA:7,2
DA:11,2
DA:15,19
DA:18,19
DA:19,19
DA:20,1
DA:24,18
DA:25,18
DA:26,1
DA:30,17
DA:33,17
DA:40,17
DA:42,17
DA:49,5
DA:51,5
DA:52,5
DA:53,1
DA:57,4
DA:58,4
DA:60,4
DA:62,1
DA:63,1
DA:65,0
DA:70,1
DA:74,1
DA:75,1
DA:76,0
DA:81,1
DA:82,1
DA:83,0
DA:86,1
DA:87,1
LF:35
LH:32
BRDA:19,0,0,1
BRDA:19,0,1,18
BRDA:25,1,0,1
BRDA:25,1,1,17
BRDA:48,2,0,0
BRDA:52,3,0,1
BRDA:52,3,1,4
BRDA:62,4,0,1
BRDA:62,4,1,0
BRDA:75,5,0,0
BRDA:75,5,1,1
BRDA:82,6,0,0
BRDA:82,6,1,1
BRF:13
BRH:9
end_of_record
TN:
SF:src/services/StatusService.ts
FN:9,(anonymous_0)
FN:13,(anonymous_1)
FN:24,(anonymous_2)
FN:41,(anonymous_3)
FN:70,(anonymous_4)
FN:81,(anonymous_5)
FN:99,(anonymous_6)
FN:115,(anonymous_7)
FNF:8
FNH:8
FNDA:23,(anonymous_0)
FNDA:4,(anonymous_1)
FNDA:4,(anonymous_2)
FNDA:6,(anonymous_3)
FNDA:3,(anonymous_4)
FNDA:4,(anonymous_5)
FNDA:5,(anonymous_6)
FNDA:8,(anonymous_7)
DA:1,3
DA:4,3
DA:6,3
DA:10,23
DA:14,4
DA:15,4
DA:17,2
DA:25,4
DA:26,4
DA:32,4
DA:34,2
DA:42,6
DA:44,6
DA:45,6
DA:46,2
DA:49,4
DA:54,4
DA:55,1
DA:56,0
DA:58,1
DA:60,5
DA:61,4
DA:63,1
DA:71,3
DA:72,3
DA:74,1
DA:82,4
DA:83,4
DA:84,3
DA:85,2
DA:87,1
DA:89,3
DA:90,2
DA:92,1
DA:104,5
DA:105,5
DA:107,4
DA:108,1
DA:115,8
DA:116,3
DA:118,3
DA:124,1
LF:42
LH:41
BRDA:19,0,0,2
BRDA:19,0,1,0
BRDA:36,1,0,2
BRDA:36,1,1,0
BRDA:45,2,0,2
BRDA:45,2,1,4
BRDA:55,3,0,0
BRDA:55,3,1,1
BRDA:60,4,0,4
BRDA:60,4,1,1
BRDA:65,5,0,1
BRDA:65,5,1,0
BRDA:76,6,0,1
BRDA:76,6,1,0
BRDA:84,7,0,2
BRDA:84,7,1,1
BRDA:89,8,0,2
BRDA:89,8,1,1
BRDA:94,9,0,1
BRDA:94,9,1,0
BRDA:107,10,0,1
BRDA:107,10,1,3
BRDA:126,11,0,1
BRDA:126,11,1,0
BRF:24
BRH:17
end_of_record
TN:
SF:src/utils/jwt.ts
FN:5,(anonymous_1)
FN:13,(anonymous_2)
FN:21,(anonymous_3)
FNF:3
FNH:2
FNDA:17,(anonymous_1)
FNDA:15,(anonymous_2)
FNDA:0,(anonymous_3)
DA:1,3
DA:3,3
DA:5,3
DA:6,17
DA:13,3
DA:14,15
DA:15,15
DA:17,4
DA:21,3
DA:22,0
DA:23,0
DA:25,0
LF:12
LH:9
BRF:0
BRH:0
end_of_record
